[master (root-commit) aaf5a83] Commit Shell
 8 files changed, 697 insertions(+)
 create mode 100755 cat_grep.cc
 create mode 100755 command.cc
 create mode 100755 command.h
 create mode 100755 ctrl-c.cc
 create mode 100755 regular.cc
 create mode 100755 shell.l
 create mode 100755 shell.y
 create mode 100644 y.tab.h
[master a8b229c] Commit Shell
 1 file changed, 29 insertions(+), 10 deletions(-)
[master 2959cff] Commit Shell
 1 file changed, 5 insertions(+), 1 deletion(-)
[master 32202c9] Commit Shell
 1 file changed, 5 insertions(+), 5 deletions(-)
[master c0e0ce3] Commit Shell
 1 file changed, 13 insertions(+), 7 deletions(-)
[master (root-commit) a5bff4a] Commit Shell
 7 files changed, 629 insertions(+)
 create mode 100755 cat_grep.cc
 create mode 100755 command.cc
 create mode 100755 command.h
 create mode 100755 ctrl-c.cc
 create mode 100755 regular.cc
 create mode 100755 shell.l
 create mode 100755 shell.y
[master 5c5e678] Commit Shell
 1 file changed, 96 insertions(+)
 create mode 100644 y.tab.h
On branch master
Untracked files:
	.hello
	.local.git.out
	Makefile
	cat_grep
	command.o
	ctrl-c
	lex.yy.c
	lex.yy.o
	regular
	shell
	test-shell/
	y.tab.c
	y.tab.o

nothing added to commit but untracked files present
On branch master
Untracked files:
	.hello
	.local.git.out
	Makefile
	cat_grep
	command.o
	ctrl-c
	lex.yy.c
	lex.yy.o
	regular
	shell
	test-shell/
	y.tab.c
	y.tab.o

nothing added to commit but untracked files present
On branch master
Untracked files:
	.hello
	.local.git.out
	Makefile
	cat_grep
	command.o
	ctrl-c
	lex.yy.c
	lex.yy.o
	regular
	shell
	test-shell/
	y.tab.c
	y.tab.o

nothing added to commit but untracked files present
On branch master
Untracked files:
	.hello
	.local.git.out
	Makefile
	cat_grep
	command.o
	ctrl-c
	lex.yy.c
	lex.yy.o
	regular
	shell
	test-shell/
	y.tab.c
	y.tab.o

nothing added to commit but untracked files present
On branch master
Untracked files:
	.hello
	.local.git.out
	Makefile
	cat_grep
	command.o
	ctrl-c
	lex.yy.c
	lex.yy.o
	regular
	shell
	test-shell/
	y.tab.c
	y.tab.o

nothing added to commit but untracked files present
[master e587324] Commit Shell
 1 file changed, 96 deletions(-)
 delete mode 100644 y.tab.h
On branch master
Untracked files:
	.hello
	.local.git.out
	Makefile
	test-shell/

nothing added to commit but untracked files present
[master bb9445c] Commit Shell
 1 file changed, 96 insertions(+)
 create mode 100644 y.tab.h
On branch master
Untracked files:
	.hello
	.local.git.out
	Makefile
	cat_grep
	command.o
	ctrl-c
	lex.yy.c
	lex.yy.o
	regular
	shell
	test-shell/
	y.tab.c
	y.tab.o

nothing added to commit but untracked files present
[master (root-commit) 002830c] Commit Shell
 6 files changed, 590 insertions(+)
 create mode 100755 cat_grep.cc
 create mode 100755 command.cc
 create mode 100755 ctrl-c.cc
 create mode 100755 regular.cc
 create mode 100755 shell.l
 create mode 100755 shell.y
On branch master
Untracked files:
	.hello
	.local.git.out
	Makefile
	cat_grep
	command.h
	command.o
	ctrl-c
	lex.yy.c
	lex.yy.o
	regular
	shell
	test-shell/
	y.tab.c
	y.tab.h
	y.tab.o

nothing added to commit but untracked files present
On branch master
Untracked files:
	.hello
	.local.git.out
	Makefile
	cat_grep
	command.h
	command.o
	ctrl-c
	lex.yy.c
	lex.yy.o
	regular
	shell
	test-shell/
	y.tab.c
	y.tab.h
	y.tab.o

nothing added to commit but untracked files present
[master b83233a] Commit Shell
 1 file changed, 42 insertions(+)
 create mode 100755 Makefile
On branch master
Untracked files:
	.hello
	.local.git.out
	cat_grep
	command.h
	command.o
	ctrl-c
	lex.yy.c
	lex.yy.o
	regular
	shell
	test-shell/
	y.tab.c
	y.tab.h
	y.tab.o

nothing added to commit but untracked files present
[master 3e51aae] Commit Shell
 1 file changed, 1 insertion(+), 1 deletion(-)
On branch master
Untracked files:
	.hello
	.local.git.out
	cat_grep
	command.h
	command.o
	ctrl-c
	lex.yy.c
	lex.yy.o
	regular
	shell
	test-shell/
	y.tab.c
	y.tab.h
	y.tab.o

nothing added to commit but untracked files present
On branch master
Untracked files:
	.Makefile.swp
	.hello
	.local.git.out
	command.h
	test-shell/

nothing added to commit but untracked files present
[master bea55b8] ""
 1 file changed, 1 insertion(+), 1 deletion(-)
[master 3cb9c7d] ""
 1 file changed, 1 insertion(+), 1 deletion(-)
[master 0bd3766] Total:                   3   of 100
 1 file changed, 1 insertion(+), 1 deletion(-)
[master (root-commit) 4eddc26] Total:                   3   of 100
 7 files changed, 632 insertions(+)
 create mode 100755 Makefile
 create mode 100755 cat_grep.cc
 create mode 100755 command.cc
 create mode 100755 ctrl-c.cc
 create mode 100755 regular.cc
 create mode 100755 shell.l
 create mode 100755 shell.y
[master 76167bf] Commit
 1 file changed, 3 insertions(+), 2 deletions(-)
[master ae91eaf] Commit
 3 files changed, 137 insertions(+), 2 deletions(-)
 create mode 100755 command.h
 create mode 100644 y.tab.h
On branch master
Untracked files:
	.hello
	.local.git.out
	cat_grep
	command.o
	ctrl-c
	lex.yy.c
	lex.yy.o
	regular
	shell
	test-shell/
	y.tab.c
	y.tab.o

nothing added to commit but untracked files present
[master 3a12f8a] Commit
 1 file changed, 96 deletions(-)
 delete mode 100644 y.tab.h
[master dd015da] Commit
 3 files changed, 85 insertions(+), 1 deletion(-)
 create mode 100644 test-shell/testall.out
 create mode 100644 y.tab.h
[master 084eb77] Commit
 1 file changed, 83 deletions(-)
 delete mode 100644 y.tab.h
[master 2b496cc] Commit
 53 files changed, 1258 insertions(+)
 create mode 100755 test-shell/README
 create mode 100755 test-shell/bgfile
 create mode 100644 test-shell/csh-in
 create mode 100644 test-shell/csh-out
 create mode 100644 test-shell/err2
 create mode 100755 test-shell/file-list
 create mode 100755 test-shell/file1.cc
 create mode 100755 test-shell/out
 create mode 100644 test-shell/shell-in
 create mode 100644 test-shell/shell-out
 create mode 100755 test-shell/test1
 create mode 100755 test-shell/test10
 create mode 100755 test-shell/test102
 create mode 100755 test-shell/test103
 create mode 100755 test-shell/test104
 create mode 100755 test-shell/test105
 create mode 100755 test-shell/test106
 create mode 100755 test-shell/test107
 create mode 100755 test-shell/test108
 create mode 100755 test-shell/test109
 create mode 100755 test-shell/test11
 create mode 100755 test-shell/test110
 create mode 100755 test-shell/test111
 create mode 100755 test-shell/test112
 create mode 100755 test-shell/test112-2
 create mode 100755 test-shell/test113
 create mode 100755 test-shell/test114
 create mode 100755 test-shell/test115
 create mode 100755 test-shell/test116
 create mode 100755 test-shell/test12
 create mode 100755 test-shell/test13
 create mode 100755 test-shell/test14
 create mode 100755 test-shell/test15
 create mode 100755 test-shell/test16
 create mode 100755 test-shell/test17
 create mode 100755 test-shell/test18
 create mode 100755 test-shell/test2
 create mode 100755 test-shell/test201
 create mode 100755 test-shell/test202
 create mode 100755 test-shell/test203
 create mode 100755 test-shell/test204
 create mode 100755 test-shell/test3
 create mode 100755 test-shell/test3-2
 create mode 100755 test-shell/test3-3
 create mode 100755 test-shell/test4
 create mode 100755 test-shell/test5
 create mode 100755 test-shell/test6
 create mode 100755 test-shell/test7
 create mode 100755 test-shell/test8
 create mode 100755 test-shell/test9
 create mode 100755 test-shell/testall
 create mode 100644 y.tab.h
[master ce4a876] Commit
 2 files changed, 1 insertion(+), 84 deletions(-)
 delete mode 100644 y.tab.h
[master (root-commit) d252267] Commit
 64 files changed, 1861 insertions(+)
 create mode 100755 Makefile
 create mode 100755 cat_grep.cc
 create mode 100755 command.cc
 create mode 100755 command.h
 create mode 100755 ctrl-c.cc
 create mode 100755 regular.cc
 create mode 100755 shell.l
 create mode 100755 shell.y
 create mode 100755 test-shell/README
 create mode 100755 test-shell/bgfile
 create mode 100644 test-shell/csh-in
 create mode 100644 test-shell/csh-out
 create mode 100644 test-shell/err2
 create mode 100755 test-shell/file-list
 create mode 100755 test-shell/file1.cc
 create mode 100755 test-shell/files/aaa
 create mode 100755 test-shell/files/aaaa
 create mode 100755 test-shell/files/bbb
 create mode 100755 test-shell/files/ccc
 create mode 100755 test-shell/out
 create mode 100644 test-shell/shell-in
 create mode 100644 test-shell/shell-out
 create mode 100755 test-shell/test1
 create mode 100755 test-shell/test10
 create mode 100755 test-shell/test102
 create mode 100755 test-shell/test103
 create mode 100755 test-shell/test104
 create mode 100755 test-shell/test105
 create mode 100755 test-shell/test106
 create mode 100755 test-shell/test107
 create mode 100755 test-shell/test108
 create mode 100755 test-shell/test109
 create mode 100755 test-shell/test11
 create mode 100755 test-shell/test110
 create mode 100755 test-shell/test111
 create mode 100755 test-shell/test112
 create mode 100755 test-shell/test112-2
 create mode 100755 test-shell/test113
 create mode 100755 test-shell/test114
 create mode 100755 test-shell/test115
 create mode 100755 test-shell/test116
 create mode 100755 test-shell/test12
 create mode 100755 test-shell/test13
 create mode 100755 test-shell/test14
 create mode 100755 test-shell/test15
 create mode 100755 test-shell/test16
 create mode 100755 test-shell/test17
 create mode 100755 test-shell/test18
 create mode 100755 test-shell/test2
 create mode 100755 test-shell/test201
 create mode 100755 test-shell/test202
 create mode 100755 test-shell/test203
 create mode 100755 test-shell/test204
 create mode 100755 test-shell/test3
 create mode 100755 test-shell/test3-2
 create mode 100755 test-shell/test3-3
 create mode 100755 test-shell/test4
 create mode 100755 test-shell/test5
 create mode 100755 test-shell/test6
 create mode 100755 test-shell/test7
 create mode 100755 test-shell/test8
 create mode 100755 test-shell/test9
 create mode 100755 test-shell/testall
 create mode 100644 test-shell/testall.out
[master (root-commit) 7f1c2d5] Commit
 9 files changed, 755 insertions(+)
 create mode 100755 Makefile
 create mode 100755 cat_grep.cc
 create mode 100755 command.cc
 create mode 100755 command.h
 create mode 100755 ctrl-c.cc
 create mode 100755 regular.cc
 create mode 100755 shell.l
 create mode 100755 shell.y
 create mode 100644 y.tab.h
On branch master
Your branch is ahead of 'origin/master' by 1 commit.
  (use "git push" to publish your local commits)
nothing to commit, working directory clean
[master 4affb07] Commit
 2 files changed, 5 insertions(+), 1 deletion(-)
Your branch is up-to-date with 'origin/master'.
[master 2d30d62] Commit
 1 file changed, 1 insertion(+)
M	.local.git.out
M	shell.l
Your branch is up-to-date with 'origin/master'.
[master f9aa750] Commit
 2 files changed, 29 insertions(+)
M	.local.git.out
Your branch is up-to-date with 'origin/master'.
[master 59467b4] Commit
 1 file changed, 4 insertions(+)
M	.local.git.out
M	shell.y
Your branch is up-to-date with 'origin/master'.
[master eaf5fe8] Commit
 2 files changed, 6 insertions(+), 1 deletion(-)
M	.local.git.out
M	shell.y
Your branch is up-to-date with 'origin/master'.
[master 272109f] Commit
 2 files changed, 54 insertions(+), 6 deletions(-)
M	.local.git.out
M	shell.y
Your branch is up-to-date with 'origin/master'.
[master 3ef93f5] Commit
 2 files changed, 6 insertions(+), 1 deletion(-)
M	.local.git.out
M	shell.y
Your branch is up-to-date with 'origin/master'.
[master 4da9870] Commit
 2 files changed, 10 insertions(+)
M	.local.git.out
M	shell.y
Your branch is up-to-date with 'origin/master'.
[master 5ef6621] Commit
 2 files changed, 6 insertions(+), 1 deletion(-)
M	.local.git.out
M	shell.y
Your branch is up-to-date with 'origin/master'.
[master e99cfe7] Commit
 2 files changed, 7 insertions(+), 2 deletions(-)
M	.local.git.out
M	shell.y
Your branch is up-to-date with 'origin/master'.
[master 23564f3] Commit
 2 files changed, 7 insertions(+), 2 deletions(-)
M	.local.git.out
M	command.cc
Your branch is up-to-date with 'origin/master'.
[master 23fe771] Commit
 2 files changed, 10 insertions(+)
M	.local.git.out
M	command.hh
Your branch is up-to-date with 'origin/master'.
[master da57433] Commit
 2 files changed, 11 insertions(+)
M	.local.git.out
M	shell.y
Your branch is up-to-date with 'origin/master'.
[master e784488] Commit
 2 files changed, 6 insertions(+), 1 deletion(-)
M	.local.git.out
M	command.cc
Your branch is up-to-date with 'origin/master'.
[master 4afeb21] Commit
 3 files changed, 27 insertions(+), 2 deletions(-)
 create mode 100644 test-shell/testall.out
M	.local.git.out
M	command.cc
Your branch is up-to-date with 'origin/master'.
[master bfafd05] Commit
 2 files changed, 7 insertions(+), 1 deletion(-)
M	.local.git.out
M	command.cc
Your branch is up-to-date with 'origin/master'.
[master 8d6db56] Commit
 2 files changed, 77 insertions(+), 3 deletions(-)
M	.local.git.out
M	command.cc
Your branch is up-to-date with 'origin/master'.
[master cadbe3d] Commit
 2 files changed, 7 insertions(+), 2 deletions(-)
M	.local.git.out
M	command.cc
Your branch is up-to-date with 'origin/master'.
[master d430aee] Commit
 2 files changed, 6 insertions(+), 1 deletion(-)
M	.local.git.out
M	command.cc
Your branch is up-to-date with 'origin/master'.
[master e044b77] Commit
 2 files changed, 6 insertions(+)
M	.local.git.out
M	command.cc
Your branch is up-to-date with 'origin/master'.
[master 4e900ba] Commit
 2 files changed, 6 insertions(+), 1 deletion(-)
M	.local.git.out
M	command.cc
Your branch is up-to-date with 'origin/master'.
[master 195cd0b] Commit
 2 files changed, 8 insertions(+)
M	.local.git.out
M	command.cc
Your branch is up-to-date with 'origin/master'.
[master 6738e8c] Commit
 2 files changed, 9 insertions(+), 4 deletions(-)
M	.local.git.out
M	shell.y
M	test-shell/testall.out
Your branch is up-to-date with 'origin/master'.
[master bebbd36] Commit
 3 files changed, 12 insertions(+), 6 deletions(-)
M	.local.git.out
M	shell.y
Your branch is up-to-date with 'origin/master'.
[master 7f5303c] Commit
 2 files changed, 7 insertions(+), 2 deletions(-)
M	.local.git.out
M	command.cc
Your branch is up-to-date with 'origin/master'.
[master 7ab1e29] Commit
 2 files changed, 6 insertions(+), 1 deletion(-)
M	.local.git.out
M	shell.y
Your branch is up-to-date with 'origin/master'.
[master 4374b2a] Commit
 2 files changed, 6 insertions(+), 1 deletion(-)
M	.local.git.out
M	shell.y
Your branch is up-to-date with 'origin/master'.
[master 12cf9b1] Commit
 2 files changed, 6 insertions(+)
M	.local.git.out
M	command.cc
Your branch is up-to-date with 'origin/master'.
[master 825117f] Commit
 2 files changed, 9 insertions(+), 2 deletions(-)
M	.local.git.out
M	shell.l
M	shell.y
M	test-shell/testall.out
Your branch is up-to-date with 'origin/master'.
[master 3822185] Commit
 4 files changed, 17 insertions(+), 2 deletions(-)
M	.local.git.out
M	shell.y
Your branch is up-to-date with 'origin/master'.
[master 7d497c0] Commit
 2 files changed, 6 insertions(+), 1 deletion(-)
M	.local.git.out
M	command.cc
M	test-shell/testall.out
Your branch is up-to-date with 'origin/master'.
[master 106f94e] Commit
 3 files changed, 8 insertions(+), 2 deletions(-)
M	.local.git.out
M	command.cc
Your branch is up-to-date with 'origin/master'.
[master c380b40] Commit
 2 files changed, 12 insertions(+)
M	.local.git.out
M	command.cc
M	test-shell/testall.out
Your branch is up-to-date with 'origin/master'.
[master ed8c512] Commit
 3 files changed, 8 insertions(+), 2 deletions(-)
M	.local.git.out
Your branch is up-to-date with 'origin/master'.
[master 6624934] Commit
 1 file changed, 4 insertions(+)
M	.local.git.out
Your branch is up-to-date with 'origin/master'.
[master 730db9c] Commit
 1 file changed, 4 insertions(+)
M	.local.git.out
M	command.cc
M	test-shell/testall.out
Your branch is up-to-date with 'origin/master'.
[master e943aba] Commit
 3 files changed, 31 insertions(+), 1 deletion(-)
M	.local.git.out
M	command.cc
Your branch is up-to-date with 'origin/master'.
[master 8fa4f1d] Commit
 2 files changed, 6 insertions(+), 1 deletion(-)
M	.local.git.out
M	command.cc
M	test-shell/testall.out
Your branch is up-to-date with 'origin/master'.
[master 312d1fb] Commit
 3 files changed, 10 insertions(+), 1 deletion(-)
M	.local.git.out
M	command.cc
Your branch is up-to-date with 'origin/master'.
[master e41b876] Commit
 2 files changed, 8 insertions(+)
M	.local.git.out
M	shell.l
M	test-shell/testall.out
Your branch is up-to-date with 'origin/master'.
[master 48f5ef1] Commit
 3 files changed, 14 insertions(+), 1 deletion(-)
M	.local.git.out
M	shell.l
Your branch is up-to-date with 'origin/master'.
[master 68b1cd3] Commit
 2 files changed, 6 insertions(+), 1 deletion(-)
M	.local.git.out
M	command.cc
Your branch is up-to-date with 'origin/master'.
[master 9d3210e] Commit
 2 files changed, 5 insertions(+), 29 deletions(-)
M	.local.git.out
M	command.cc
Your branch is up-to-date with 'origin/master'.
[master 61ea8cd] Commit
 2 files changed, 5 insertions(+), 1 deletion(-)
M	.local.git.out
M	shell.cc
M	test-shell/testall.out
Your branch is up-to-date with 'origin/master'.
[master 9304cbb] Commit
 3 files changed, 39 insertions(+), 1 deletion(-)
M	.local.git.out
M	shell.cc
Your branch is up-to-date with 'origin/master'.
[master c0aeaba] Commit
 2 files changed, 7 insertions(+)
M	.local.git.out
M	shell.cc
Your branch is up-to-date with 'origin/master'.
[master 91e4c8c] Commit
 2 files changed, 8 insertions(+)
M	.local.git.out
M	shell.cc
Your branch is up-to-date with 'origin/master'.
[master 2d4c0ff] Commit
 2 files changed, 6 insertions(+), 1 deletion(-)
M	.local.git.out
M	shell.cc
M	test-shell/testall.out
Your branch is up-to-date with 'origin/master'.
[master 9d9f217] Commit
 3 files changed, 21 insertions(+), 6 deletions(-)
M	.local.git.out
M	shell.cc
Your branch is up-to-date with 'origin/master'.
[master 059ba21] Commit
 2 files changed, 7 insertions(+), 1 deletion(-)
M	.local.git.out
M	shell.l
M	test-shell/testall.out
Your branch is up-to-date with 'origin/master'.
[master a588598] Commit
 3 files changed, 8 insertions(+), 2 deletions(-)
M	.local.git.out
M	shell.l
Your branch is up-to-date with 'origin/master'.
[master 910a227] Commit
 2 files changed, 7 insertions(+), 1 deletion(-)
M	.local.git.out
M	shell.l
Your branch is up-to-date with 'origin/master'.
[master dc70a24] Commit
 2 files changed, 6 insertions(+), 1 deletion(-)
M	.local.git.out
M	shell.l
Your branch is up-to-date with 'origin/master'.
[master c2d5eae] Commit
 2 files changed, 5 insertions(+), 1 deletion(-)
M	.local.git.out
M	shell.l
Your branch is up-to-date with 'origin/master'.
[master d73a033] Commit
 2 files changed, 29 insertions(+)
M	.local.git.out
M	shell.l
M	test-shell/testall.out
Your branch is up-to-date with 'origin/master'.
